SF:lib/src/return_types.dart
DA:7,2
DA:14,2
LF:2
LH:2
end_of_record
SF:lib/src/core.dart
DA:17,1
DA:23,2
DA:24,2
DA:27,1
DA:28,2
DA:34,2
DA:40,4
DA:41,2
DA:44,2
DA:45,2
DA:51,1
DA:52,3
DA:53,1
DA:54,2
DA:57,2
DA:58,2
DA:59,1
DA:61,1
DA:62,1
DA:65,2
DA:67,6
DA:69,2
DA:70,2
DA:73,1
DA:74,3
DA:76,1
DA:77,1
DA:82,3
DA:84,1
DA:85,1
DA:95,1
DA:97,1
DA:99,2
DA:102,1
DA:104,1
DA:105,2
DA:108,1
DA:110,2
LF:38
LH:38
end_of_record
SF:lib/src/errors.dart
DA:7,2
DA:9,6
DA:11,2
DA:17,2
DA:23,1
DA:29,1
LF:6
LH:6
end_of_record
SF:lib/src/extensions.dart
DA:7,1
DA:11,1
DA:17,2
DA:21,2
DA:28,2
DA:29,2
DA:30,1
DA:31,2
DA:32,1
DA:33,2
DA:39,1
DA:41,2
DA:42,1
DA:43,2
DA:44,1
DA:48,1
DA:53,2
DA:54,1
DA:55,2
DA:56,1
DA:60,1
DA:61,1
DA:62,2
DA:66,1
DA:67,1
DA:68,2
DA:76,1
DA:78,2
DA:79,2
DA:80,2
DA:81,1
DA:89,1
DA:91,1
DA:92,1
DA:93,2
LF:35
LH:35
end_of_record
