SF:lib/src/return_types.dart
DA:7,2
DA:14,2
LF:2
LH:2
end_of_record
SF:lib/src/core.dart
DA:18,2
DA:19,2
DA:20,3
DA:21,3
DA:23,2
DA:26,1
DA:32,2
DA:33,2
DA:36,1
DA:37,2
DA:43,2
DA:49,4
DA:50,2
DA:53,2
DA:54,2
DA:60,1
DA:61,3
DA:62,1
DA:63,2
DA:66,2
DA:67,2
DA:68,1
DA:70,1
DA:71,1
DA:74,2
DA:75,6
DA:77,2
DA:78,2
DA:81,1
DA:82,3
DA:84,1
DA:85,1
DA:89,3
DA:91,1
DA:92,1
DA:102,1
DA:104,1
DA:106,2
DA:109,1
DA:111,1
DA:112,2
DA:115,1
DA:117,2
LF:43
LH:43
end_of_record
SF:lib/src/errors.dart
DA:7,2
DA:9,6
DA:11,2
DA:17,2
DA:23,1
DA:29,1
LF:6
LH:6
end_of_record
SF:lib/src/extensions.dart
DA:7,1
DA:11,1
DA:17,2
DA:21,2
DA:32,1
DA:34,2
DA:35,1
DA:36,2
DA:37,1
DA:45,1
DA:47,2
DA:48,2
DA:49,2
DA:50,1
DA:58,1
DA:59,1
DA:60,1
DA:61,2
LF:18
LH:18
end_of_record
